101.09.13 02:24 B D:\farGUI\demo.html --> cluster.cs.columbia.edu /n/canal/u/psl-home/rkc10/html demo.html
101.09.13 02:24 B D:\farGUI\Edge.class --> cluster.cs.columbia.edu /n/canal/u/psl-home/rkc10/html Edge.class
101.09.13 02:24 B D:\farGUI\GraphDemo.class --> cluster.cs.columbia.edu /n/canal/u/psl-home/rkc10/html GraphDemo.class
101.09.13 02:24 B D:\farGUI\GraphPanel.class --> cluster.cs.columbia.edu /n/canal/u/psl-home/rkc10/html GraphPanel.class
101.09.13 02:24 B D:\farGUI\GUIPanel.class --> cluster.cs.columbia.edu /n/canal/u/psl-home/rkc10/html GUIPanel.class
101.09.13 02:24 B D:\farGUI\Node.class --> cluster.cs.columbia.edu /n/canal/u/psl-home/rkc10/html Node.class
102.01.21 19:02 B C:\Documents and Settings\Richard Wing\Desktop\remoteGUI\demo.html --> cluster.cs.columbia.edu /n/canal/u/psl-home/rkc10/remoteGUI demo.html
102.01.21 19:02 B C:\Documents and Settings\Richard Wing\Desktop\remoteGUI\Edge.class --> cluster.cs.columbia.edu /n/canal/u/psl-home/rkc10/remoteGUI Edge.class
102.01.21 19:02 B C:\Documents and Settings\Richard Wing\Desktop\remoteGUI\GraphDemo.class --> cluster.cs.columbia.edu /n/canal/u/psl-home/rkc10/remoteGUI GraphDemo.class
102.01.21 19:02 B C:\Documents and Settings\Richard Wing\Desktop\remoteGUI\GraphDemo.java --> cluster.cs.columbia.edu /n/canal/u/psl-home/rkc10/remoteGUI GraphDemo.java
102.01.21 19:02 B C:\Documents and Settings\Richard Wing\Desktop\remoteGUI\GraphPanel.class --> cluster.cs.columbia.edu /n/canal/u/psl-home/rkc10/remoteGUI GraphPanel.class
102.01.21 19:02 B C:\Documents and Settings\Richard Wing\Desktop\remoteGUI\GUIPanel.class --> cluster.cs.columbia.edu /n/canal/u/psl-home/rkc10/remoteGUI GUIPanel.class
102.01.21 19:02 B C:\Documents and Settings\Richard Wing\Desktop\remoteGUI\GUIPanel.java --> cluster.cs.columbia.edu /n/canal/u/psl-home/rkc10/remoteGUI GUIPanel.java
102.01.21 19:02 B C:\Documents and Settings\Richard Wing\Desktop\remoteGUI\Node.class --> cluster.cs.columbia.edu /n/canal/u/psl-home/rkc10/remoteGUI Node.class
102.01.21 19:02 B C:\Documents and Settings\Richard Wing\Desktop\remoteGUI\readme.txt --> cluster.cs.columbia.edu /n/canal/u/psl-home/rkc10/remoteGUI readme.txt
102.01.21 19:02 B C:\Documents and Settings\Richard Wing\Desktop\remoteGUI\remote.jar --> cluster.cs.columbia.edu /n/canal/u/psl-home/rkc10/remoteGUI remote.jar
102.01.21 19:02 B C:\Documents and Settings\Richard Wing\Desktop\remoteGUI\RemoteGUI$1.class --> cluster.cs.columbia.edu /n/canal/u/psl-home/rkc10/remoteGUI RemoteGUI$1.class
102.01.21 19:02 B C:\Documents and Settings\Richard Wing\Desktop\remoteGUI\RemoteGUI.class --> cluster.cs.columbia.edu /n/canal/u/psl-home/rkc10/remoteGUI RemoteGUI.class
102.01.21 19:02 B C:\Documents and Settings\Richard Wing\Desktop\remoteGUI\RemoteGUI.java --> cluster.cs.columbia.edu /n/canal/u/psl-home/rkc10/remoteGUI RemoteGUI.java
102.01.21 19:02 B C:\Documents and Settings\Richard Wing\Desktop\remoteGUI\SetupPanel.class --> cluster.cs.columbia.edu /n/canal/u/psl-home/rkc10/remoteGUI SetupPanel.class
102.01.21 19:02 B C:\Documents and Settings\Richard Wing\Desktop\remoteGUI\SetupPanel.java --> cluster.cs.columbia.edu /n/canal/u/psl-home/rkc10/remoteGUI SetupPanel.java
102.01.21 19:02 B C:\Documents and Settings\Richard Wing\Desktop\remoteGUI\SubscribePanel$1.class --> cluster.cs.columbia.edu /n/canal/u/psl-home/rkc10/remoteGUI SubscribePanel$1.class
102.01.21 19:02 B C:\Documents and Settings\Richard Wing\Desktop\remoteGUI\SubscribePanel.class --> cluster.cs.columbia.edu /n/canal/u/psl-home/rkc10/remoteGUI SubscribePanel.class
102.01.21 19:02 B C:\Documents and Settings\Richard Wing\Desktop\remoteGUI\SubscribePanel.java --> cluster.cs.columbia.edu /n/canal/u/psl-home/rkc10/remoteGUI SubscribePanel.java
102.01.21 19:02 B C:\Documents and Settings\Richard Wing\Desktop\remoteGUI\SubscribePanel.java~ --> cluster.cs.columbia.edu /n/canal/u/psl-home/rkc10/remoteGUI SubscribePanel.java~
102.01.21 19:02 B C:\Documents and Settings\Richard Wing\Desktop\remoteGUI\wheat.txt --> cluster.cs.columbia.edu /n/canal/u/psl-home/rkc10/remoteGUI wheat.txt
